  main.cpp
c:\graphics_last\opengl-master\graphics\lab15\main.cpp(320): warning C4305: аргумент: усечение из "double" в "GLclampf"
c:\graphics_last\opengl-master\graphics\lab15\main.cpp(367): warning C4244: *=: преобразование "double" в "T", возможна потеря данных
          with
          [
              T=float
          ]
c:\graphics_last\opengl-master\graphics\lab15\main.cpp(368): warning C4244: *=: преобразование "double" в "T", возможна потеря данных
          with
          [
              T=float
          ]
c:\graphics_last\opengl-master\graphics\lab15\main.cpp(369): warning C4244: *=: преобразование "double" в "T", возможна потеря данных
          with
          [
              T=float
          ]
c:\graphics_last\opengl-master\graphics\lab15\main.cpp(507): warning C4244: =: преобразование "double" в "float", возможна потеря данных
c:\graphics_last\opengl-master\graphics\lab15\main.cpp(509): warning C4244: =: преобразование "double" в "float", возможна потеря данных
c:\graphics_last\opengl-master\graphics\lab15\main.cpp(612): warning C4305: инициализация: усечение из "double" в "float"
c:\graphics_last\opengl-master\graphics\lab15\main.cpp(656): warning C4305: инициализация: усечение из "double" в "float"
c:\graphics_last\opengl-master\graphics\lab15\main.cpp(661): warning C4305: инициализация: усечение из "double" в "float"
c:\graphics_last\opengl-master\graphics\lab15\main.cpp(740): warning C4267: аргумент: преобразование из "size_t" в "GLsizei"; возможна потеря данных
  SOIL.lib(SOIL.obj) : найден .netmodule MSIL или модуль, откомпилированный с параметром /GL; перезапускается компоновка с параметром /LTCG; добавьте /LTCG в командную строку компоновки для повышения производительности компоновщика
LINK : warning LNK4075: эх єўшЄ√трхЄё  "/INCREMENTAL" шч-чр ёяхЎшЇшърЎшш "/LTCG"
LINK : warning LNK4098: сшсышюЄхър яю єьюыўрэш■ "MSVCRT" яЁюЄштюЁхўшЄ шёяюы№чютрэш■ фЁєушї сшсышюЄхъ; шёяюы№чєщЄх ярЁрьхЄЁ /NODEFAULTLIB:library
  ╤ючфрэшх ъюфр
  ╤ючфрэшх ъюфр чртхЁ°хэю
SOIL.lib(SOIL.obj) : warning LNK4099: "vc110.pdb" PDB эх эрщфхэ ё "SOIL.lib(SOIL.obj)" шыш эр "C:\Graphics_LAST\OpenGl-master\Graphics\x64\Debug\vc110.pdb"; ъюьяюэютър юс·хъЄр т√яюыэ хЄё  ъръ яЁш юЄёєЄёЄтшш юЄырфюўэ√ї фрээ√ї
SOIL.lib(stb_image_aug.obj) : warning LNK4099: "vc110.pdb" PDB эх эрщфхэ ё "SOIL.lib(stb_image_aug.obj)" шыш эр "C:\Graphics_LAST\OpenGl-master\Graphics\x64\Debug\vc110.pdb"; ъюьяюэютър юс·хъЄр т√яюыэ хЄё  ъръ яЁш юЄёєЄёЄтшш юЄырфюўэ√ї фрээ√ї
SOIL.lib(image_helper.obj) : warning LNK4099: "vc110.pdb" PDB эх эрщфхэ ё "SOIL.lib(image_helper.obj)" шыш эр "C:\Graphics_LAST\OpenGl-master\Graphics\x64\Debug\vc110.pdb"; ъюьяюэютър юс·хъЄр т√яюыэ хЄё  ъръ яЁш юЄёєЄёЄтшш юЄырфюўэ√ї фрээ√ї
SOIL.lib(image_DXT.obj) : warning LNK4099: "vc110.pdb" PDB эх эрщфхэ ё "SOIL.lib(image_DXT.obj)" шыш эр "C:\Graphics_LAST\OpenGl-master\Graphics\x64\Debug\vc110.pdb"; ъюьяюэютър юс·хъЄр т√яюыэ хЄё  ъръ яЁш юЄёєЄёЄтшш юЄырфюўэ√ї фрээ√ї
  lab15.vcxproj -> C:\Graphics_LAST\OpenGl-master\Graphics\x64\Debug\lab15.exe
