  main.cpp
c:\users\xittz\desktop\opengl-master\graphics\lab12\main.cpp(160): warning C4244: *=: преобразование "double" в "T", возможна потеря данных
          with
          [
              T=float
          ]
c:\users\xittz\desktop\opengl-master\graphics\lab12\main.cpp(161): warning C4244: *=: преобразование "double" в "T", возможна потеря данных
          with
          [
              T=float
          ]
c:\users\xittz\desktop\opengl-master\graphics\lab12\main.cpp(162): warning C4244: *=: преобразование "double" в "T", возможна потеря данных
          with
          [
              T=float
          ]
c:\users\xittz\desktop\opengl-master\graphics\lab12\main.cpp(213): warning C4305: аргумент: усечение из "double" в "GLclampf"
c:\users\xittz\desktop\opengl-master\graphics\lab12\main.cpp(297): warning C4244: аргумент: преобразование "double" в "GLfloat", возможна потеря данных
c:\users\xittz\desktop\opengl-master\graphics\lab12\main.cpp(309): warning C4244: аргумент: преобразование "double" в "GLfloat", возможна потеря данных
c:\users\xittz\desktop\opengl-master\graphics\lab12\main.cpp(322): warning C4244: аргумент: преобразование "double" в "GLfloat", возможна потеря данных
c:\users\xittz\desktop\opengl-master\graphics\lab12\main.cpp(341): warning C4305: инициализация: усечение из "double" в "float"
c:\users\xittz\desktop\opengl-master\graphics\lab12\main.cpp(390): warning C4267: аргумент: преобразование из "size_t" в "GLsizei"; возможна потеря данных
c:\users\xittz\desktop\opengl-master\graphics\lab12\main.cpp(392): warning C4267: аргумент: преобразование из "size_t" в "GLsizei"; возможна потеря данных
c:\users\xittz\desktop\opengl-master\graphics\lab12\main.cpp(413): warning C4305: аргумент: усечение из "double" в "GLfloat"
c:\users\xittz\desktop\opengl-master\graphics\lab12\main.cpp(426): warning C4244: +=: преобразование "double" в "float", возможна потеря данных
c:\users\xittz\desktop\opengl-master\graphics\lab12\main.cpp(427): warning C4244: +=: преобразование "double" в "float", возможна потеря данных
c:\users\xittz\desktop\opengl-master\graphics\lab12\main.cpp(432): warning C4244: -=: преобразование "double" в "float", возможна потеря данных
c:\users\xittz\desktop\opengl-master\graphics\lab12\main.cpp(433): warning C4244: -=: преобразование "double" в "float", возможна потеря данных
  SOIL.lib(SOIL.obj) : найден .netmodule MSIL или модуль, откомпилированный с параметром /GL; перезапускается компоновка с параметром /LTCG; добавьте /LTCG в командную строку компоновки для повышения производительности компоновщика
LINK : warning LNK4075: эх єўшЄ√трхЄё  "/INCREMENTAL" шч-чр ёяхЎшЇшърЎшш "/LTCG"
LINK : warning LNK4098: сшсышюЄхър яю єьюыўрэш■ "MSVCRT" яЁюЄштюЁхўшЄ шёяюы№чютрэш■ фЁєушї сшсышюЄхъ; шёяюы№чєщЄх ярЁрьхЄЁ /NODEFAULTLIB:library
  ╤ючфрэшх ъюфр
  ╤ючфрэшх ъюфр чртхЁ°хэю
SOIL.lib(SOIL.obj) : warning LNK4099: "vc110.pdb" PDB эх эрщфхэ ё "SOIL.lib(SOIL.obj)" шыш эр "C:\Users\xittz\Desktop\OpenGl-master\Graphics\x64\Debug\vc110.pdb"; ъюьяюэютър юс·хъЄр т√яюыэ хЄё  ъръ яЁш юЄёєЄёЄтшш юЄырфюўэ√ї фрээ√ї
SOIL.lib(stb_image_aug.obj) : warning LNK4099: "vc110.pdb" PDB эх эрщфхэ ё "SOIL.lib(stb_image_aug.obj)" шыш эр "C:\Users\xittz\Desktop\OpenGl-master\Graphics\x64\Debug\vc110.pdb"; ъюьяюэютър юс·хъЄр т√яюыэ хЄё  ъръ яЁш юЄёєЄёЄтшш юЄырфюўэ√ї фрээ√ї
SOIL.lib(image_helper.obj) : warning LNK4099: "vc110.pdb" PDB эх эрщфхэ ё "SOIL.lib(image_helper.obj)" шыш эр "C:\Users\xittz\Desktop\OpenGl-master\Graphics\x64\Debug\vc110.pdb"; ъюьяюэютър юс·хъЄр т√яюыэ хЄё  ъръ яЁш юЄёєЄёЄтшш юЄырфюўэ√ї фрээ√ї
SOIL.lib(image_DXT.obj) : warning LNK4099: "vc110.pdb" PDB эх эрщфхэ ё "SOIL.lib(image_DXT.obj)" шыш эр "C:\Users\xittz\Desktop\OpenGl-master\Graphics\x64\Debug\vc110.pdb"; ъюьяюэютър юс·хъЄр т√яюыэ хЄё  ъръ яЁш юЄёєЄёЄтшш юЄырфюўэ√ї фрээ√ї
  lab12.vcxproj -> C:\Users\xittz\Desktop\OpenGl-master\Graphics\x64\Debug\lab12.exe
